2024-04-21 12:26:51.834 | INFO     | edmacro:__init__:42 - MacroController initialized
2024-04-21 12:26:51.877 | DEBUG    | edmacro:__load_assets:69 - Loaded 25 assets.
2024-04-21 12:26:51.878 | INFO     | edmacro:__init__:45 - Assets loaded
2024-04-21 12:26:52.145 | INFO     | edmacro.actions:brute_force_back_to_map_zero:129 - Brute forcing back to map zero
2024-04-21 12:26:57.154 | INFO     | edmacro.actions:open_map:113 - Opened map
2024-04-21 12:29:22.014 | INFO     | edmacro:__init__:42 - MacroController initialized
2024-04-21 12:29:22.022 | DEBUG    | edmacro:__load_assets:69 - Loaded 25 assets.
2024-04-21 12:29:22.023 | INFO     | edmacro:__init__:45 - Assets loaded
2024-04-21 12:29:22.283 | INFO     | edmacro.actions:brute_force_back_to_map_zero:129 - Brute forcing back to map zero
2024-04-21 12:29:27.289 | INFO     | edmacro.actions:open_map:113 - Opened map
2024-04-21 12:29:39.894 | INFO     | edmacro.actions:brute_force_back_to_map_zero:178 - Brute forced back to map zero
2024-04-21 12:29:39.895 | WARNING  | edmacro.actions:move_to_map:218 - Warning! Current map is unknown. Brute forced back to map zero
2024-04-21 12:29:44.898 | INFO     | edmacro.actions:open_map:113 - Opened map
2024-04-21 12:29:44.898 | INFO     | edmacro.actions:move_to_map:228 - (0, 0) -> (8, 0): [('map_up', 8)]
2024-04-21 12:29:47.944 | INFO     | edmacro.actions:move_to_map:242 - Moved to map 8 column 0
2024-04-21 12:29:49.423 | INFO     | edmacro.actions:restart_char:51 - Restarting character
2024-04-21 12:29:54.419 | INFO     | edmacro.actions.boss_run:execute:65 - Running boss 1 times
2024-04-21 12:29:54.653 | INFO     | edmacro.actions.boss_run:__go_to_hypercore_boss:165 - Going to Hypercore boss
2024-04-21 12:31:02.501 | DEBUG    | edmacro:__init__:32 - Config loaded
2024-04-21 12:31:02.505 | INFO     | edmacro:__init__:42 - MacroController initialized
2024-04-21 12:31:02.505 | INFO     | edmacro:__init__:42 - MacroController initialized
2024-04-21 12:31:02.515 | DEBUG    | edmacro:__load_assets:69 - Loaded 25 assets.
2024-04-21 12:31:02.515 | DEBUG    | edmacro:__load_assets:69 - Loaded 25 assets.
2024-04-21 12:31:02.515 | INFO     | edmacro:__init__:45 - Assets loaded
2024-04-21 12:31:02.515 | INFO     | edmacro:__init__:45 - Assets loaded
2024-04-21 12:31:02.762 | INFO     | edmacro.actions:brute_force_back_to_map_zero:129 - Brute forcing back to map zero
2024-04-21 12:31:02.762 | INFO     | edmacro.actions:brute_force_back_to_map_zero:129 - Brute forcing back to map zero
2024-04-21 12:31:07.767 | INFO     | edmacro.actions:open_map:113 - Opened map
2024-04-21 12:31:07.767 | INFO     | edmacro.actions:open_map:113 - Opened map
2024-04-21 12:31:20.436 | INFO     | edmacro.actions:brute_force_back_to_map_zero:178 - Brute forced back to map zero
2024-04-21 12:31:20.436 | INFO     | edmacro.actions:brute_force_back_to_map_zero:178 - Brute forced back to map zero
2024-04-21 12:31:20.436 | WARNING  | edmacro.actions:move_to_map:218 - Warning! Current map is unknown. Brute forced back to map zero
2024-04-21 12:31:20.436 | WARNING  | edmacro.actions:move_to_map:218 - Warning! Current map is unknown. Brute forced back to map zero
2024-04-21 12:31:25.440 | INFO     | edmacro.actions:open_map:113 - Opened map
2024-04-21 12:31:25.440 | INFO     | edmacro.actions:open_map:113 - Opened map
2024-04-21 12:31:25.440 | INFO     | edmacro.actions:move_to_map:228 - (0, 0) -> (8, 0): [('map_up', 8)]
2024-04-21 12:31:25.440 | INFO     | edmacro.actions:move_to_map:228 - (0, 0) -> (8, 0): [('map_up', 8)]
2024-04-21 12:31:28.482 | INFO     | edmacro.actions:move_to_map:242 - Moved to map 8 column 0
2024-04-21 12:31:28.482 | INFO     | edmacro.actions:move_to_map:242 - Moved to map 8 column 0
2024-04-21 12:31:29.976 | INFO     | edmacro.actions:restart_char:51 - Restarting character
2024-04-21 12:31:29.976 | INFO     | edmacro.actions:restart_char:51 - Restarting character
2024-04-21 12:31:34.961 | INFO     | edmacro.actions.boss_run:execute:65 - Running boss 1 times
2024-04-21 12:31:34.961 | INFO     | edmacro.actions.boss_run:execute:65 - Running boss 1 times
2024-04-21 12:31:35.199 | INFO     | edmacro.actions.boss_run:__go_to_hypercore_boss:165 - Going to Hypercore boss
2024-04-21 12:31:35.199 | INFO     | edmacro.actions.boss_run:__go_to_hypercore_boss:165 - Going to Hypercore boss
2024-04-21 12:31:58.517 | DEBUG    | edmacro:__init__:32 - Config loaded
2024-04-21 12:31:58.517 | DEBUG    | edmacro:__init__:32 - Config loaded
2024-04-21 12:31:58.521 | INFO     | edmacro:__init__:42 - MacroController initialized
2024-04-21 12:31:58.521 | INFO     | edmacro:__init__:42 - MacroController initialized
2024-04-21 12:31:58.521 | INFO     | edmacro:__init__:42 - MacroController initialized
2024-04-21 12:31:58.533 | DEBUG    | edmacro:__load_assets:69 - Loaded 25 assets.
2024-04-21 12:31:58.533 | DEBUG    | edmacro:__load_assets:69 - Loaded 25 assets.
2024-04-21 12:31:58.533 | DEBUG    | edmacro:__load_assets:69 - Loaded 25 assets.
2024-04-21 12:31:58.534 | INFO     | edmacro:__init__:45 - Assets loaded
2024-04-21 12:31:58.534 | INFO     | edmacro:__init__:45 - Assets loaded
2024-04-21 12:31:58.534 | INFO     | edmacro:__init__:45 - Assets loaded
2024-04-21 12:31:58.813 | INFO     | edmacro.actions:brute_force_back_to_map_zero:129 - Brute forcing back to map zero
2024-04-21 12:31:58.813 | INFO     | edmacro.actions:brute_force_back_to_map_zero:129 - Brute forcing back to map zero
2024-04-21 12:31:58.813 | INFO     | edmacro.actions:brute_force_back_to_map_zero:129 - Brute forcing back to map zero
2024-04-21 12:32:03.818 | INFO     | edmacro.actions:open_map:113 - Opened map
2024-04-21 12:32:03.818 | INFO     | edmacro.actions:open_map:113 - Opened map
2024-04-21 12:32:03.818 | INFO     | edmacro.actions:open_map:113 - Opened map
2024-04-21 12:32:16.438 | INFO     | edmacro.actions:brute_force_back_to_map_zero:178 - Brute forced back to map zero
2024-04-21 12:32:16.438 | INFO     | edmacro.actions:brute_force_back_to_map_zero:178 - Brute forced back to map zero
2024-04-21 12:32:16.438 | INFO     | edmacro.actions:brute_force_back_to_map_zero:178 - Brute forced back to map zero
2024-04-21 12:32:16.439 | WARNING  | edmacro.actions:move_to_map:218 - Warning! Current map is unknown. Brute forced back to map zero
2024-04-21 12:32:16.439 | WARNING  | edmacro.actions:move_to_map:218 - Warning! Current map is unknown. Brute forced back to map zero
2024-04-21 12:32:16.439 | WARNING  | edmacro.actions:move_to_map:218 - Warning! Current map is unknown. Brute forced back to map zero
2024-04-21 12:32:21.443 | INFO     | edmacro.actions:open_map:113 - Opened map
2024-04-21 12:32:21.443 | INFO     | edmacro.actions:open_map:113 - Opened map
2024-04-21 12:32:21.443 | INFO     | edmacro.actions:open_map:113 - Opened map
2024-04-21 12:32:21.443 | INFO     | edmacro.actions:move_to_map:228 - (0, 0) -> (8, 0): [('map_up', 8)]
2024-04-21 12:32:21.443 | INFO     | edmacro.actions:move_to_map:228 - (0, 0) -> (8, 0): [('map_up', 8)]
2024-04-21 12:32:21.443 | INFO     | edmacro.actions:move_to_map:228 - (0, 0) -> (8, 0): [('map_up', 8)]
2024-04-21 12:32:24.503 | INFO     | edmacro.actions:move_to_map:242 - Moved to map 8 column 0
2024-04-21 12:32:24.503 | INFO     | edmacro.actions:move_to_map:242 - Moved to map 8 column 0
2024-04-21 12:32:24.503 | INFO     | edmacro.actions:move_to_map:242 - Moved to map 8 column 0
2024-04-21 12:32:26.000 | INFO     | edmacro.actions:restart_char:51 - Restarting character
2024-04-21 12:32:26.000 | INFO     | edmacro.actions:restart_char:51 - Restarting character
2024-04-21 12:32:26.000 | INFO     | edmacro.actions:restart_char:51 - Restarting character
2024-04-21 12:36:28.443 | INFO     | edmacro:__init__:42 - MacroController initialized
2024-04-21 12:36:28.453 | DEBUG    | edmacro:__load_assets:69 - Loaded 25 assets.
2024-04-21 12:36:28.455 | INFO     | edmacro:__init__:45 - Assets loaded
2024-04-21 12:36:28.731 | WARNING  | edmacro.actions:move_to_map:217 - Warning! Current map is unknown. Brute forced back to map zero
2024-04-21 12:36:28.732 | INFO     | edmacro.actions:brute_force_back_to_map_zero:129 - Brute forcing back to map zero
2024-04-21 12:36:33.737 | INFO     | edmacro.actions:open_map:113 - Opened map
2024-04-21 12:36:46.356 | INFO     | edmacro.actions:brute_force_back_to_map_zero:178 - Brute forced back to map zero
2024-04-21 12:36:51.359 | INFO     | edmacro.actions:open_map:113 - Opened map
2024-04-21 12:36:51.359 | INFO     | edmacro.actions:move_to_map:228 - (0, 0) -> (8, 0): [('map_up', 8)]
2024-04-21 12:36:54.439 | INFO     | edmacro.actions:move_to_map:242 - Moved to map 8 column 0
2024-04-21 12:36:55.915 | INFO     | edmacro.actions:restart_char:51 - Restarting character
2024-04-21 12:37:00.922 | INFO     | edmacro.actions.boss_run:execute:65 - Running boss 1 times
2024-04-21 12:37:01.230 | INFO     | edmacro.actions.boss_run:__go_to_hypercore_boss:165 - Going to Hypercore boss
2024-04-21 12:38:58.179 | INFO     | edmacro:__init__:42 - MacroController initialized
2024-04-21 12:38:58.186 | DEBUG    | edmacro:__load_assets:69 - Loaded 25 assets.
2024-04-21 12:38:58.186 | INFO     | edmacro:__init__:45 - Assets loaded
2024-04-21 12:39:03.426 | INFO     | edmacro.actions:open_map:113 - Opened map
2024-04-21 12:39:03.426 | WARNING  | edmacro.actions:move_to_map:215 - Warning! Current map is unknown. Brute forced back to map zero
2024-04-21 12:39:03.427 | INFO     | edmacro.actions:brute_force_back_to_map_zero:129 - Brute forcing back to map zero
2024-04-21 12:39:16.058 | INFO     | edmacro.actions:brute_force_back_to_map_zero:175 - Brute forced back to map zero
2024-04-21 12:39:16.059 | INFO     | edmacro.actions:move_to_map:225 - (0, 0) -> (8, 0): [('map_up', 8)]
2024-04-21 12:39:19.132 | INFO     | edmacro.actions:move_to_map:239 - Moved to map 8 column 0
2024-04-21 12:39:20.679 | INFO     | edmacro.actions:restart_char:51 - Restarting character
2024-04-21 12:39:25.663 | INFO     | edmacro.actions.boss_run:execute:65 - Running boss 1 times
2024-04-21 12:39:25.901 | INFO     | edmacro.actions.boss_run:__go_to_hypercore_boss:165 - Going to Hypercore boss
2024-04-21 12:40:07.508 | INFO     | edmacro:__init__:42 - MacroController initialized
2024-04-21 12:40:07.517 | DEBUG    | edmacro:__load_assets:69 - Loaded 25 assets.
2024-04-21 12:40:07.518 | INFO     | edmacro:__init__:45 - Assets loaded
2024-04-21 12:40:12.767 | INFO     | edmacro.actions:open_map:113 - Opened map
2024-04-21 12:40:12.767 | WARNING  | edmacro.actions:move_to_map:215 - Warning! Current map is unknown. Brute forced back to map zero
2024-04-21 12:40:12.768 | INFO     | edmacro.actions:brute_force_back_to_map_zero:129 - Brute forcing back to map zero
2024-04-21 12:40:25.341 | INFO     | edmacro.actions:brute_force_back_to_map_zero:175 - Brute forced back to map zero
2024-04-21 12:40:25.342 | INFO     | edmacro.actions:move_to_map:225 - (0, 0) -> (8, 0): [('map_up', 8)]
2024-04-21 12:40:28.460 | INFO     | edmacro.actions:move_to_map:239 - Moved to map 8 column 0
2024-04-21 12:40:29.942 | INFO     | edmacro.actions:restart_char:51 - Restarting character
2024-04-21 12:40:34.940 | INFO     | edmacro.actions.boss_run:execute:65 - Running boss 1 times
2024-04-21 12:40:35.178 | INFO     | edmacro.actions.boss_run:__go_to_hypercore_boss:165 - Going to Hypercore boss
2024-04-21 12:40:48.006 | INFO     | edmacro.actions.boss_run:execute:110 - clicked on start button
2024-04-21 12:41:17.961 | INFO     | edmacro:__init__:42 - MacroController initialized
2024-04-21 12:41:17.971 | DEBUG    | edmacro:__load_assets:69 - Loaded 25 assets.
2024-04-21 12:41:17.971 | INFO     | edmacro:__init__:45 - Assets loaded
2024-04-21 12:41:23.216 | INFO     | edmacro.actions:open_map:113 - Opened map
2024-04-21 12:41:23.216 | WARNING  | edmacro.actions:move_to_map:215 - Warning! Current map is unknown. Brute forced back to map zero
2024-04-21 12:41:23.217 | INFO     | edmacro.actions:brute_force_back_to_map_zero:129 - Brute forcing back to map zero
2024-04-21 12:41:35.960 | INFO     | edmacro.actions:brute_force_back_to_map_zero:175 - Brute forced back to map zero
2024-04-21 12:41:35.961 | INFO     | edmacro.actions:move_to_map:225 - (0, 0) -> (8, 0): [('map_up', 8)]
2024-04-21 12:41:39.054 | INFO     | edmacro.actions:move_to_map:239 - Moved to map 8 column 0
2024-04-21 12:41:41.129 | INFO     | edmacro.actions:restart_char:51 - Restarting character
2024-04-21 12:41:46.116 | INFO     | edmacro.actions.boss_run:execute:65 - Running boss 1 times
2024-04-21 12:41:46.357 | INFO     | edmacro.actions.boss_run:__go_to_hypercore_boss:165 - Going to Hypercore boss
2024-04-21 12:41:59.013 | INFO     | edmacro.actions.boss_run:execute:110 - clicked on start button
2024-04-21 12:42:04.014 | INFO     | edmacro.actions.boss_run:__freeze_game:232 - Freezing game for 40.19724732262383
2024-04-21 12:43:12.438 | DEBUG    | edmacro:__init__:32 - Config loaded
2024-04-21 12:43:12.441 | INFO     | edmacro:__init__:42 - MacroController initialized
2024-04-21 12:43:12.441 | INFO     | edmacro:__init__:42 - MacroController initialized
2024-04-21 12:43:12.450 | DEBUG    | edmacro:__load_assets:69 - Loaded 25 assets.
2024-04-21 12:43:12.450 | DEBUG    | edmacro:__load_assets:69 - Loaded 25 assets.
2024-04-21 12:43:12.450 | INFO     | edmacro:__init__:45 - Assets loaded
2024-04-21 12:43:12.450 | INFO     | edmacro:__init__:45 - Assets loaded
2024-04-21 12:43:12.774 | INFO     | edmacro.actions.boss_run:execute:65 - Running boss 1 times
2024-04-21 12:43:12.774 | INFO     | edmacro.actions.boss_run:execute:65 - Running boss 1 times
2024-04-21 12:43:13.028 | INFO     | edmacro.actions.boss_run:__go_to_hypercore_boss:165 - Going to Hypercore boss
2024-04-21 12:43:13.028 | INFO     | edmacro.actions.boss_run:__go_to_hypercore_boss:165 - Going to Hypercore boss
2024-04-21 12:43:25.756 | INFO     | edmacro.actions.boss_run:execute:110 - clicked on start button
2024-04-21 12:43:25.756 | INFO     | edmacro.actions.boss_run:execute:110 - clicked on start button
2024-04-21 12:43:30.757 | INFO     | edmacro.actions.boss_run:__freeze_game:232 - Freezing game for 40.19724732262383
2024-04-21 12:43:30.757 | INFO     | edmacro.actions.boss_run:__freeze_game:232 - Freezing game for 40.19724732262383
2024-04-21 12:45:04.927 | INFO     | edmacro:__init__:42 - MacroController initialized
2024-04-21 12:45:04.937 | DEBUG    | edmacro:__load_assets:69 - Loaded 25 assets.
2024-04-21 12:45:04.938 | INFO     | edmacro:__init__:45 - Assets loaded
2024-04-21 12:45:05.218 | INFO     | edmacro.actions.boss_run:execute:65 - Running boss 1 times
2024-04-21 12:45:05.469 | INFO     | edmacro.actions.boss_run:__go_to_hypercore_boss:175 - Going to Hypercore boss
2024-04-21 12:46:34.299 | INFO     | edmacro:__init__:42 - MacroController initialized
2024-04-21 12:46:34.311 | DEBUG    | edmacro:__load_assets:69 - Loaded 25 assets.
2024-04-21 12:46:34.312 | INFO     | edmacro:__init__:45 - Assets loaded
2024-04-21 12:46:34.577 | INFO     | edmacro.actions.boss_run:execute:65 - Running boss 1 times
2024-04-21 12:46:34.819 | INFO     | edmacro.actions.boss_run:__go_to_hypercore_boss:175 - Going to Hypercore boss
2024-04-21 12:46:47.577 | INFO     | edmacro.actions.boss_run:execute:120 - clicked on start button
2024-04-21 12:49:48.787 | INFO     | edmacro:__init__:42 - MacroController initialized
2024-04-21 12:49:48.796 | DEBUG    | edmacro:__load_assets:69 - Loaded 25 assets.
2024-04-21 12:49:48.797 | INFO     | edmacro:__init__:45 - Assets loaded
2024-04-21 12:49:49.081 | INFO     | edmacro.actions.boss_run:execute:65 - Running boss 1 times
2024-04-21 12:49:49.342 | INFO     | edmacro.actions.boss_run:__go_to_hypercore_boss:167 - Going to Hypercore boss
2024-04-21 12:50:02.031 | INFO     | edmacro.actions.boss_run:execute:112 - clicked on start button
2024-04-21 12:50:07.033 | INFO     | edmacro.actions.boss_run:__freeze_game:234 - Freezing game for 40.19724732262383
2024-04-21 12:51:59.602 | INFO     | edmacro:__init__:42 - MacroController initialized
2024-04-21 12:51:59.613 | DEBUG    | edmacro:__load_assets:69 - Loaded 25 assets.
2024-04-21 12:51:59.614 | INFO     | edmacro:__init__:45 - Assets loaded
2024-04-21 12:51:59.867 | INFO     | edmacro.actions.boss_run:execute:65 - Running boss 1 times
2024-04-21 12:52:00.135 | INFO     | edmacro.actions.boss_run:__go_to_hypercore_boss:167 - Going to Hypercore boss
2024-04-21 12:52:12.950 | INFO     | edmacro.actions.boss_run:execute:112 - clicked on start button
2024-04-21 12:52:17.955 | INFO     | edmacro.actions.boss_run:__freeze_game:234 - Freezing game for 40.19724732262383
2024-04-21 12:52:59.035 | INFO     | edmacro.actions.boss_run:__freeze_game:263 - Boss still alive, freezing game again
2024-04-21 12:53:03.395 | INFO     | edmacro.actions.boss_run:__freeze_game:265 - Freezing game for 40.19724732262383 seconds
2024-04-21 12:53:03.396 | INFO     | edmacro.actions.boss_run:execute:118 - Boss run 1 finished. Took 63.52825307846069 seconds
2024-04-21 12:54:12.771 | DEBUG    | edmacro:__init__:32 - Config loaded
2024-04-21 12:54:12.774 | INFO     | edmacro:__init__:42 - MacroController initialized
2024-04-21 12:54:12.774 | INFO     | edmacro:__init__:42 - MacroController initialized
2024-04-21 12:54:12.785 | DEBUG    | edmacro:__load_assets:69 - Loaded 25 assets.
2024-04-21 12:54:12.785 | DEBUG    | edmacro:__load_assets:69 - Loaded 25 assets.
2024-04-21 12:54:12.785 | INFO     | edmacro:__init__:45 - Assets loaded
2024-04-21 12:54:12.785 | INFO     | edmacro:__init__:45 - Assets loaded
2024-04-21 12:54:13.048 | INFO     | edmacro.actions.boss_run:execute:65 - Running boss 1 times
2024-04-21 12:54:13.048 | INFO     | edmacro.actions.boss_run:execute:65 - Running boss 1 times
2024-04-21 12:54:13.300 | INFO     | edmacro.actions.boss_run:__go_to_hypercore_boss:167 - Going to Hypercore boss
2024-04-21 12:54:13.300 | INFO     | edmacro.actions.boss_run:__go_to_hypercore_boss:167 - Going to Hypercore boss
2024-04-21 12:54:25.885 | INFO     | edmacro.actions.boss_run:execute:112 - clicked on start button
2024-04-21 12:54:25.885 | INFO     | edmacro.actions.boss_run:execute:112 - clicked on start button
2024-04-21 12:54:30.886 | INFO     | edmacro.actions.boss_run:__freeze_game:234 - Freezing game for 6.405833333333334
2024-04-21 12:54:30.886 | INFO     | edmacro.actions.boss_run:__freeze_game:234 - Freezing game for 6.405833333333334
2024-04-21 12:54:38.174 | INFO     | edmacro.actions.boss_run:__freeze_game:263 - Boss still alive, freezing game again
2024-04-21 12:54:38.174 | INFO     | edmacro.actions.boss_run:__freeze_game:263 - Boss still alive, freezing game again
2024-04-21 12:54:39.001 | INFO     | edmacro.actions.boss_run:__freeze_game:263 - Boss still alive, freezing game again
2024-04-21 12:54:39.001 | INFO     | edmacro.actions.boss_run:__freeze_game:263 - Boss still alive, freezing game again
2024-04-21 12:54:39.830 | INFO     | edmacro.actions.boss_run:__freeze_game:263 - Boss still alive, freezing game again
2024-04-21 12:54:39.830 | INFO     | edmacro.actions.boss_run:__freeze_game:263 - Boss still alive, freezing game again
2024-04-21 12:54:40.657 | INFO     | edmacro.actions.boss_run:__freeze_game:263 - Boss still alive, freezing game again
2024-04-21 12:54:40.657 | INFO     | edmacro.actions.boss_run:__freeze_game:263 - Boss still alive, freezing game again
2024-04-21 12:54:41.496 | INFO     | edmacro.actions.boss_run:__freeze_game:263 - Boss still alive, freezing game again
2024-04-21 12:54:41.496 | INFO     | edmacro.actions.boss_run:__freeze_game:263 - Boss still alive, freezing game again
2024-04-21 12:54:42.337 | INFO     | edmacro.actions.boss_run:__freeze_game:263 - Boss still alive, freezing game again
2024-04-21 12:54:42.337 | INFO     | edmacro.actions.boss_run:__freeze_game:263 - Boss still alive, freezing game again
2024-04-21 12:54:43.182 | INFO     | edmacro.actions.boss_run:__freeze_game:263 - Boss still alive, freezing game again
2024-04-21 12:54:43.182 | INFO     | edmacro.actions.boss_run:__freeze_game:263 - Boss still alive, freezing game again
2024-04-21 12:54:44.017 | INFO     | edmacro.actions.boss_run:__freeze_game:263 - Boss still alive, freezing game again
2024-04-21 12:54:44.017 | INFO     | edmacro.actions.boss_run:__freeze_game:263 - Boss still alive, freezing game again
2024-04-21 12:54:44.868 | INFO     | edmacro.actions.boss_run:__freeze_game:263 - Boss still alive, freezing game again
2024-04-21 12:54:44.868 | INFO     | edmacro.actions.boss_run:__freeze_game:263 - Boss still alive, freezing game again
2024-04-21 12:54:45.897 | INFO     | edmacro.actions.boss_run:__freeze_game:263 - Boss still alive, freezing game again
2024-04-21 12:54:45.897 | INFO     | edmacro.actions.boss_run:__freeze_game:263 - Boss still alive, freezing game again
2024-04-21 12:54:46.741 | INFO     | edmacro.actions.boss_run:__freeze_game:263 - Boss still alive, freezing game again
2024-04-21 12:54:46.741 | INFO     | edmacro.actions.boss_run:__freeze_game:263 - Boss still alive, freezing game again
2024-04-21 12:54:47.596 | INFO     | edmacro.actions.boss_run:__freeze_game:263 - Boss still alive, freezing game again
2024-04-21 12:54:47.596 | INFO     | edmacro.actions.boss_run:__freeze_game:263 - Boss still alive, freezing game again
2024-04-21 12:54:48.468 | INFO     | edmacro.actions.boss_run:__freeze_game:263 - Boss still alive, freezing game again
2024-04-21 12:54:48.468 | INFO     | edmacro.actions.boss_run:__freeze_game:263 - Boss still alive, freezing game again
2024-04-21 12:54:49.329 | INFO     | edmacro.actions.boss_run:__freeze_game:263 - Boss still alive, freezing game again
2024-04-21 12:54:49.329 | INFO     | edmacro.actions.boss_run:__freeze_game:263 - Boss still alive, freezing game again
2024-04-21 12:54:50.171 | INFO     | edmacro.actions.boss_run:__freeze_game:263 - Boss still alive, freezing game again
2024-04-21 12:54:50.171 | INFO     | edmacro.actions.boss_run:__freeze_game:263 - Boss still alive, freezing game again
2024-04-21 12:54:51.015 | INFO     | edmacro.actions.boss_run:__freeze_game:263 - Boss still alive, freezing game again
2024-04-21 12:54:51.015 | INFO     | edmacro.actions.boss_run:__freeze_game:263 - Boss still alive, freezing game again
2024-04-21 12:54:52.022 | INFO     | edmacro.actions.boss_run:__freeze_game:263 - Boss still alive, freezing game again
2024-04-21 12:54:52.022 | INFO     | edmacro.actions.boss_run:__freeze_game:263 - Boss still alive, freezing game again
2024-04-21 12:54:53.070 | INFO     | edmacro.actions.boss_run:__freeze_game:263 - Boss still alive, freezing game again
2024-04-21 12:54:53.070 | INFO     | edmacro.actions.boss_run:__freeze_game:263 - Boss still alive, freezing game again
2024-04-21 12:54:54.083 | INFO     | edmacro.actions.boss_run:__freeze_game:263 - Boss still alive, freezing game again
2024-04-21 12:54:54.083 | INFO     | edmacro.actions.boss_run:__freeze_game:263 - Boss still alive, freezing game again
2024-04-21 12:54:55.119 | INFO     | edmacro.actions.boss_run:__freeze_game:263 - Boss still alive, freezing game again
2024-04-21 12:54:55.119 | INFO     | edmacro.actions.boss_run:__freeze_game:263 - Boss still alive, freezing game again
2024-04-21 12:54:56.164 | INFO     | edmacro.actions.boss_run:__freeze_game:263 - Boss still alive, freezing game again
2024-04-21 12:54:56.164 | INFO     | edmacro.actions.boss_run:__freeze_game:263 - Boss still alive, freezing game again
2024-04-21 12:54:57.135 | INFO     | edmacro.actions.boss_run:__freeze_game:263 - Boss still alive, freezing game again
2024-04-21 12:54:57.135 | INFO     | edmacro.actions.boss_run:__freeze_game:263 - Boss still alive, freezing game again
2024-04-21 12:54:58.117 | INFO     | edmacro.actions.boss_run:__freeze_game:263 - Boss still alive, freezing game again
2024-04-21 12:54:58.117 | INFO     | edmacro.actions.boss_run:__freeze_game:263 - Boss still alive, freezing game again
2024-04-21 12:54:59.040 | INFO     | edmacro.actions.boss_run:__freeze_game:263 - Boss still alive, freezing game again
2024-04-21 12:54:59.040 | INFO     | edmacro.actions.boss_run:__freeze_game:263 - Boss still alive, freezing game again
2024-04-21 12:55:00.038 | INFO     | edmacro.actions.boss_run:__freeze_game:263 - Boss still alive, freezing game again
2024-04-21 12:55:00.038 | INFO     | edmacro.actions.boss_run:__freeze_game:263 - Boss still alive, freezing game again
2024-04-21 12:55:01.115 | INFO     | edmacro.actions.boss_run:__freeze_game:263 - Boss still alive, freezing game again
2024-04-21 12:55:01.115 | INFO     | edmacro.actions.boss_run:__freeze_game:263 - Boss still alive, freezing game again
2024-04-21 12:55:02.130 | INFO     | edmacro.actions.boss_run:__freeze_game:263 - Boss still alive, freezing game again
2024-04-21 12:55:02.130 | INFO     | edmacro.actions.boss_run:__freeze_game:263 - Boss still alive, freezing game again
2024-04-21 12:55:03.144 | INFO     | edmacro.actions.boss_run:__freeze_game:263 - Boss still alive, freezing game again
2024-04-21 12:55:03.144 | INFO     | edmacro.actions.boss_run:__freeze_game:263 - Boss still alive, freezing game again
2024-04-21 12:55:04.007 | INFO     | edmacro.actions.boss_run:__freeze_game:263 - Boss still alive, freezing game again
2024-04-21 12:55:04.007 | INFO     | edmacro.actions.boss_run:__freeze_game:263 - Boss still alive, freezing game again
2024-04-21 12:55:05.037 | INFO     | edmacro.actions.boss_run:__freeze_game:263 - Boss still alive, freezing game again
2024-04-21 12:55:05.037 | INFO     | edmacro.actions.boss_run:__freeze_game:263 - Boss still alive, freezing game again
2024-04-21 12:55:06.054 | INFO     | edmacro.actions.boss_run:__freeze_game:263 - Boss still alive, freezing game again
2024-04-21 12:55:06.054 | INFO     | edmacro.actions.boss_run:__freeze_game:263 - Boss still alive, freezing game again
2024-04-21 12:55:07.088 | INFO     | edmacro.actions.boss_run:__freeze_game:263 - Boss still alive, freezing game again
2024-04-21 12:55:07.088 | INFO     | edmacro.actions.boss_run:__freeze_game:263 - Boss still alive, freezing game again
2024-04-21 12:55:07.939 | INFO     | edmacro.actions.boss_run:__freeze_game:263 - Boss still alive, freezing game again
2024-04-21 12:55:07.939 | INFO     | edmacro.actions.boss_run:__freeze_game:263 - Boss still alive, freezing game again
2024-04-21 12:55:09.103 | INFO     | edmacro.actions.boss_run:__freeze_game:263 - Boss still alive, freezing game again
2024-04-21 12:55:09.103 | INFO     | edmacro.actions.boss_run:__freeze_game:263 - Boss still alive, freezing game again
2024-04-21 12:55:10.156 | INFO     | edmacro.actions.boss_run:__freeze_game:263 - Boss still alive, freezing game again
2024-04-21 12:55:10.156 | INFO     | edmacro.actions.boss_run:__freeze_game:263 - Boss still alive, freezing game again
2024-04-21 12:55:11.285 | INFO     | edmacro.actions.boss_run:__freeze_game:263 - Boss still alive, freezing game again
2024-04-21 12:55:11.285 | INFO     | edmacro.actions.boss_run:__freeze_game:263 - Boss still alive, freezing game again
2024-04-21 12:58:42.071 | INFO     | edmacro:__init__:42 - MacroController initialized
2024-04-21 12:58:42.079 | DEBUG    | edmacro:__load_assets:69 - Loaded 25 assets.
2024-04-21 12:58:42.080 | INFO     | edmacro:__init__:45 - Assets loaded
2024-04-21 12:58:42.339 | INFO     | edmacro.actions.boss_run:execute:65 - Running boss 1 times
2024-04-21 12:58:42.653 | INFO     | edmacro.actions.boss_run:__go_to_hypercore_boss:167 - Going to Hypercore boss
2024-04-21 12:58:55.319 | INFO     | edmacro.actions.boss_run:execute:112 - clicked on start button
2024-04-21 12:59:00.320 | INFO     | edmacro.actions.boss_run:__freeze_game:234 - Freezing game for 6.405833333333334
2024-04-21 12:59:07.829 | INFO     | edmacro.actions.boss_run:__freeze_game:265 - Boss still alive, freezing game again
2024-04-21 12:59:09.052 | INFO     | edmacro.actions.boss_run:__freeze_game:265 - Boss still alive, freezing game again
2024-04-21 12:59:10.299 | INFO     | edmacro.actions.boss_run:__freeze_game:270 - Freezing game for 6.405833333333334 seconds
2024-04-21 12:59:10.300 | INFO     | edmacro.actions.boss_run:execute:118 - Boss run 1 finished. Took 27.961113691329956 seconds
2024-04-21 13:02:24.924 | INFO     | edmacro:__init__:42 - MacroController initialized
2024-04-21 13:02:24.936 | DEBUG    | edmacro:__load_assets:69 - Loaded 25 assets.
2024-04-21 13:02:24.937 | INFO     | edmacro:__init__:45 - Assets loaded
2024-04-21 13:02:25.219 | INFO     | edmacro.actions.boss_run:execute:65 - Running boss 1 times
2024-04-21 13:02:25.473 | INFO     | edmacro.actions.boss_run:__go_to_hypercore_boss:167 - Going to Hypercore boss
2024-04-21 13:02:38.098 | INFO     | edmacro.actions.boss_run:execute:112 - clicked on start button
2024-04-21 13:02:43.100 | INFO     | edmacro.actions.boss_run:__freeze_game:234 - Freezing game for 6.405833333333334
2024-04-21 13:02:50.662 | INFO     | edmacro.actions.boss_run:__freeze_game:264 - Boss still alive with 1.0 of confidence, freezing game again
2024-04-21 13:02:51.947 | INFO     | edmacro.actions.boss_run:__freeze_game:264 - Boss still alive with 1.0 of confidence, freezing game again
2024-04-21 13:02:53.212 | INFO     | edmacro.actions.boss_run:__freeze_game:269 - Freezing game for 6.405833333333334 seconds
2024-04-21 13:02:53.213 | INFO     | edmacro.actions.boss_run:execute:118 - Boss run 1 finished. Took 27.990344047546387 seconds
2024-04-21 13:39:04.184 | INFO     | edmacro:__init__:42 - MacroController initialized
2024-04-21 13:39:04.211 | DEBUG    | edmacro:__load_assets:69 - Loaded 25 assets.
2024-04-21 13:39:04.211 | INFO     | edmacro:__init__:45 - Assets loaded
2024-04-21 13:39:04.518 | INFO     | edmacro.actions.boss_run:execute:65 - Running boss 1 times
2024-04-21 13:39:05.168 | INFO     | edmacro.actions.boss_run:__go_to_hypercore_boss:167 - Going to Hypercore boss
2024-04-21 13:39:17.849 | INFO     | edmacro.actions.boss_run:execute:112 - clicked on start button
2024-04-21 13:39:22.851 | INFO     | edmacro.actions.boss_run:__freeze_game:234 - Freezing game for 6.405833333333334
2024-04-21 13:39:30.133 | DEBUG    | edmacro:__init__:32 - Config loaded
2024-04-21 13:39:30.136 | INFO     | edmacro:__init__:42 - MacroController initialized
2024-04-21 13:39:30.136 | INFO     | edmacro:__init__:42 - MacroController initialized
2024-04-21 13:39:30.145 | DEBUG    | edmacro:__load_assets:69 - Loaded 25 assets.
2024-04-21 13:39:30.145 | DEBUG    | edmacro:__load_assets:69 - Loaded 25 assets.
2024-04-21 13:39:30.146 | INFO     | edmacro:__init__:45 - Assets loaded
2024-04-21 13:39:30.146 | INFO     | edmacro:__init__:45 - Assets loaded
2024-04-21 13:39:30.393 | INFO     | edmacro.actions.boss_run:execute:65 - Running boss 1 times
2024-04-21 13:39:30.393 | INFO     | edmacro.actions.boss_run:execute:65 - Running boss 1 times
2024-04-21 13:39:30.682 | INFO     | edmacro.actions.boss_run:__go_to_hypercore_boss:167 - Going to Hypercore boss
2024-04-21 13:39:30.682 | INFO     | edmacro.actions.boss_run:__go_to_hypercore_boss:167 - Going to Hypercore boss
2024-04-21 13:39:43.346 | INFO     | edmacro.actions.boss_run:execute:112 - clicked on start button
2024-04-21 13:39:43.346 | INFO     | edmacro.actions.boss_run:execute:112 - clicked on start button
2024-04-21 13:39:48.347 | INFO     | edmacro.actions.boss_run:__freeze_game:234 - Freezing game for 6.405833333333334
2024-04-21 13:39:48.347 | INFO     | edmacro.actions.boss_run:__freeze_game:234 - Freezing game for 6.405833333333334
2024-04-21 13:39:55.842 | INFO     | edmacro.actions.boss_run:__freeze_game:264 - Boss still alive with 1.0 of confidence, freezing game again
2024-04-21 13:39:55.842 | INFO     | edmacro.actions.boss_run:__freeze_game:264 - Boss still alive with 1.0 of confidence, freezing game again
2024-04-21 13:39:57.117 | INFO     | edmacro.actions.boss_run:__freeze_game:264 - Boss still alive with 1.0 of confidence, freezing game again
2024-04-21 13:39:57.117 | INFO     | edmacro.actions.boss_run:__freeze_game:264 - Boss still alive with 1.0 of confidence, freezing game again
2024-04-21 13:39:58.368 | INFO     | edmacro.actions.boss_run:__freeze_game:271 - Freezing game for 6.405833333333334 seconds
2024-04-21 13:39:58.368 | INFO     | edmacro.actions.boss_run:__freeze_game:271 - Freezing game for 6.405833333333334 seconds
2024-04-21 13:39:58.369 | INFO     | edmacro.actions.boss_run:execute:118 - Boss run 1 finished. Took 27.964064359664917 seconds
2024-04-21 13:39:58.369 | INFO     | edmacro.actions.boss_run:execute:118 - Boss run 1 finished. Took 27.964064359664917 seconds
2024-04-21 13:39:59.375 | INFO     | edmacro.actions.boss_run:execute:128 - Boss run finished. Total time: 27.96 seconds
2024-04-21 13:39:59.375 | INFO     | edmacro.actions.boss_run:execute:128 - Boss run finished. Total time: 27.96 seconds
2024-04-21 13:46:17.116 | INFO     | edmacro:__init__:42 - MacroController initialized
2024-04-21 13:46:17.127 | DEBUG    | edmacro:__load_assets:69 - Loaded 25 assets.
2024-04-21 13:46:17.128 | INFO     | edmacro:__init__:45 - Assets loaded
2024-04-21 13:46:17.513 | INFO     | edmacro.actions.boss_run:execute:65 - Running boss 1 times
2024-04-21 13:46:17.784 | INFO     | edmacro.actions.boss_run:__go_to_hypercore_boss:177 - Going to Hypercore boss
2024-04-21 13:46:31.381 | INFO     | edmacro.actions.boss_run:execute:117 - clicked on start button
2024-04-21 13:46:36.384 | INFO     | edmacro.actions.boss_run:__freeze_game:244 - Freezing game for 6.405833333333334
2024-04-21 13:46:43.889 | INFO     | edmacro.actions.boss_run:__freeze_game:274 - Boss still alive with 1.0 of confidence, freezing game again
2024-04-21 13:46:45.156 | INFO     | edmacro.actions.boss_run:__freeze_game:274 - Boss still alive with 1.0 of confidence, freezing game again
2024-04-21 13:46:46.434 | INFO     | edmacro.actions.boss_run:__freeze_game:274 - Boss still alive with 1.0 of confidence, freezing game again
2024-04-21 13:46:47.698 | INFO     | edmacro.actions.boss_run:__freeze_game:281 - Freezing game for 6.405833333333334 seconds
2024-04-21 13:46:47.699 | INFO     | edmacro.actions.boss_run:execute:123 - Boss run 1 finished. Took 30.185051918029785 seconds
2024-04-21 13:46:51.691 | INFO     | edmacro.actions.boss_run:execute:138 - Boss run finished. Total time: 30.19 s, Average time: 30.19 s
2024-04-21 13:55:29.555 | INFO     | edmacro:__init__:42 - MacroController initialized
2024-04-21 13:55:29.566 | DEBUG    | edmacro:__load_assets:69 - Loaded 25 assets.
2024-04-21 13:55:29.566 | INFO     | edmacro:__init__:45 - Assets loaded
2024-04-21 13:55:29.828 | INFO     | edmacro.actions.boss_run:execute:65 - Running boss 3 times
2024-04-21 13:55:30.104 | INFO     | edmacro.actions.boss_run:__go_to_hypercore_boss:177 - Going to Hypercore boss
2024-04-21 13:55:43.743 | INFO     | edmacro.actions.boss_run:execute:117 - clicked on start button
2024-04-21 13:55:48.744 | INFO     | edmacro.actions.boss_run:__freeze_game:244 - Freezing game for 6.405833333333334
2024-04-21 13:55:56.261 | WARNING  | edmacro.actions.boss_run:__freeze_game:277 - Boss still alive with 1.0 of confidence, freezing game again
2024-04-21 13:55:57.537 | WARNING  | edmacro.actions.boss_run:__freeze_game:277 - Boss still alive with 1.0 of confidence, freezing game again
2024-04-21 13:55:58.831 | WARNING  | edmacro.actions.boss_run:__freeze_game:277 - Boss still alive with 1.0 of confidence, freezing game again
2024-04-21 13:56:00.095 | WARNING  | edmacro.actions.boss_run:__freeze_game:277 - Boss still alive with 1.0 of confidence, freezing game again
2024-04-21 13:56:01.344 | WARNING  | edmacro.actions.boss_run:__freeze_game:277 - Boss still alive with 0.9999997615814209 of confidence, freezing game again
2024-04-21 13:56:02.797 | INFO     | edmacro.actions.boss_run:execute:123 - Boss run 3 finished. Took 32.96733522415161 seconds
2024-04-21 13:56:10.746 | INFO     | edmacro.actions.boss_run:execute:117 - clicked on start button
2024-04-21 13:57:32.015 | INFO     | edmacro:__init__:42 - MacroController initialized
2024-04-21 13:57:32.024 | DEBUG    | edmacro:__load_assets:69 - Loaded 25 assets.
2024-04-21 13:57:32.025 | INFO     | edmacro:__init__:45 - Assets loaded
2024-04-21 13:57:32.293 | INFO     | edmacro.actions.boss_run:execute:65 - Running boss 3 times
2024-04-21 13:57:32.537 | INFO     | edmacro.actions.boss_run:__go_to_hypercore_boss:177 - Going to Hypercore boss
2024-04-21 13:57:46.178 | INFO     | edmacro.actions.boss_run:execute:117 - clicked on start button
2024-04-21 13:57:51.179 | INFO     | edmacro.actions.boss_run:__freeze_game:244 - Freezing game for 6.405833333333334
2024-04-21 13:57:58.754 | WARNING  | edmacro.actions.boss_run:__freeze_game:277 - Boss still alive with 1.0 of confidence, freezing game again
2024-04-21 13:58:00.033 | WARNING  | edmacro.actions.boss_run:__freeze_game:277 - Boss still alive with 1.0 of confidence, freezing game again
2024-04-21 13:58:01.302 | WARNING  | edmacro.actions.boss_run:__freeze_game:277 - Boss still alive with 1.0 of confidence, freezing game again
2024-04-21 13:58:02.568 | WARNING  | edmacro.actions.boss_run:__freeze_game:277 - Boss still alive with 1.0 of confidence, freezing game again
2024-04-21 13:58:03.828 | WARNING  | edmacro.actions.boss_run:__freeze_game:277 - Boss still alive with 1.0 of confidence, freezing game again
2024-04-21 13:58:05.090 | WARNING  | edmacro.actions.boss_run:__freeze_game:277 - Boss still alive with 1.0 of confidence, freezing game again
2024-04-21 13:58:06.352 | WARNING  | edmacro.actions.boss_run:__freeze_game:277 - Boss still alive with 1.0 of confidence, freezing game again
2024-04-21 13:58:07.630 | WARNING  | edmacro.actions.boss_run:__freeze_game:277 - Boss still alive with 0.9981434941291809 of confidence, freezing game again
2024-04-21 13:58:09.103 | INFO     | edmacro.actions.boss_run:execute:123 - Boss run 3 finished. Took 36.808834075927734 seconds
2024-04-21 13:58:29.171 | INFO     | edmacro.actions.boss_run:execute:117 - clicked on start button
2024-04-21 13:58:34.173 | INFO     | edmacro.actions.boss_run:__freeze_game:244 - Freezing game for 6.405833333333334
2024-04-21 13:59:54.797 | DEBUG    | edmacro:__init__:32 - Config loaded
2024-04-21 13:59:54.801 | INFO     | edmacro:__init__:42 - MacroController initialized
2024-04-21 13:59:54.801 | INFO     | edmacro:__init__:42 - MacroController initialized
2024-04-21 13:59:54.811 | DEBUG    | edmacro:__load_assets:69 - Loaded 25 assets.
2024-04-21 13:59:54.811 | DEBUG    | edmacro:__load_assets:69 - Loaded 25 assets.
2024-04-21 13:59:54.812 | INFO     | edmacro:__init__:45 - Assets loaded
2024-04-21 13:59:54.812 | INFO     | edmacro:__init__:45 - Assets loaded
2024-04-21 13:59:55.057 | INFO     | edmacro.actions.boss_run:execute:65 - Running boss 3 times
2024-04-21 13:59:55.057 | INFO     | edmacro.actions.boss_run:execute:65 - Running boss 3 times
2024-04-21 13:59:55.329 | INFO     | edmacro.actions.boss_run:__go_to_hypercore_boss:177 - Going to Hypercore boss
2024-04-21 13:59:55.329 | INFO     | edmacro.actions.boss_run:__go_to_hypercore_boss:177 - Going to Hypercore boss
2024-04-21 14:00:09.001 | INFO     | edmacro.actions.boss_run:execute:117 - clicked on start button
2024-04-21 14:00:09.001 | INFO     | edmacro.actions.boss_run:execute:117 - clicked on start button
2024-04-21 14:00:14.003 | INFO     | edmacro.actions.boss_run:__freeze_game:244 - Freezing game for 6.405833333333334
2024-04-21 14:00:14.003 | INFO     | edmacro.actions.boss_run:__freeze_game:244 - Freezing game for 6.405833333333334
2024-04-21 14:00:21.483 | WARNING  | edmacro.actions.boss_run:__freeze_game:277 - Boss still alive with 1.0 of confidence, freezing game again
2024-04-21 14:00:21.483 | WARNING  | edmacro.actions.boss_run:__freeze_game:277 - Boss still alive with 1.0 of confidence, freezing game again
2024-04-21 14:00:22.747 | WARNING  | edmacro.actions.boss_run:__freeze_game:277 - Boss still alive with 1.0 of confidence, freezing game again
2024-04-21 14:00:22.747 | WARNING  | edmacro.actions.boss_run:__freeze_game:277 - Boss still alive with 1.0 of confidence, freezing game again
2024-04-21 14:00:24.008 | WARNING  | edmacro.actions.boss_run:__freeze_game:277 - Boss still alive with 1.0 of confidence, freezing game again
2024-04-21 14:00:24.008 | WARNING  | edmacro.actions.boss_run:__freeze_game:277 - Boss still alive with 1.0 of confidence, freezing game again
2024-04-21 14:00:25.274 | WARNING  | edmacro.actions.boss_run:__freeze_game:277 - Boss still alive with 1.0 of confidence, freezing game again
2024-04-21 14:00:25.274 | WARNING  | edmacro.actions.boss_run:__freeze_game:277 - Boss still alive with 1.0 of confidence, freezing game again
2024-04-21 14:00:26.740 | INFO     | edmacro.actions.boss_run:execute:123 - Boss run 3 finished. Took 31.682154417037964 seconds
2024-04-21 14:00:26.740 | INFO     | edmacro.actions.boss_run:execute:123 - Boss run 3 finished. Took 31.682154417037964 seconds
2024-04-21 14:00:46.728 | INFO     | edmacro.actions.boss_run:execute:117 - clicked on start button
2024-04-21 14:00:46.728 | INFO     | edmacro.actions.boss_run:execute:117 - clicked on start button
2024-04-21 14:00:51.730 | INFO     | edmacro.actions.boss_run:__freeze_game:244 - Freezing game for 6.405833333333334
2024-04-21 14:00:51.730 | INFO     | edmacro.actions.boss_run:__freeze_game:244 - Freezing game for 6.405833333333334
2024-04-21 14:36:26.317 | DEBUG    | edmacro:__init__:32 - Config loaded
2024-04-21 14:36:26.317 | DEBUG    | edmacro:__init__:32 - Config loaded
2024-04-21 14:36:26.320 | INFO     | edmacro:__init__:42 - MacroController initialized
2024-04-21 14:36:26.320 | INFO     | edmacro:__init__:42 - MacroController initialized
2024-04-21 14:36:26.320 | INFO     | edmacro:__init__:42 - MacroController initialized
2024-04-21 14:36:26.330 | DEBUG    | edmacro:__load_assets:69 - Loaded 25 assets.
2024-04-21 14:36:26.330 | DEBUG    | edmacro:__load_assets:69 - Loaded 25 assets.
2024-04-21 14:36:26.330 | DEBUG    | edmacro:__load_assets:69 - Loaded 25 assets.
2024-04-21 14:36:26.331 | INFO     | edmacro:__init__:45 - Assets loaded
2024-04-21 14:36:26.331 | INFO     | edmacro:__init__:45 - Assets loaded
2024-04-21 14:36:26.331 | INFO     | edmacro:__init__:45 - Assets loaded
2024-04-21 14:36:26.574 | INFO     | edmacro.actions.boss_run:execute:65 - Running boss 3 times
2024-04-21 14:36:26.574 | INFO     | edmacro.actions.boss_run:execute:65 - Running boss 3 times
2024-04-21 14:36:26.574 | INFO     | edmacro.actions.boss_run:execute:65 - Running boss 3 times
2024-04-21 14:36:26.813 | INFO     | edmacro.actions.boss_run:__go_to_hypercore_boss:177 - Going to Hypercore boss
2024-04-21 14:36:26.813 | INFO     | edmacro.actions.boss_run:__go_to_hypercore_boss:177 - Going to Hypercore boss
2024-04-21 14:36:26.813 | INFO     | edmacro.actions.boss_run:__go_to_hypercore_boss:177 - Going to Hypercore boss
2024-04-21 14:36:40.601 | INFO     | edmacro.actions.boss_run:execute:117 - clicked on start button
2024-04-21 14:36:40.601 | INFO     | edmacro.actions.boss_run:execute:117 - clicked on start button
2024-04-21 14:36:40.601 | INFO     | edmacro.actions.boss_run:execute:117 - clicked on start button
2024-04-21 14:36:45.603 | INFO     | edmacro.actions.boss_run:__freeze_game:244 - Freezing game for 6.405833333333334
2024-04-21 14:36:45.603 | INFO     | edmacro.actions.boss_run:__freeze_game:244 - Freezing game for 6.405833333333334
2024-04-21 14:36:45.603 | INFO     | edmacro.actions.boss_run:__freeze_game:244 - Freezing game for 6.405833333333334
2024-04-21 14:36:53.090 | WARNING  | edmacro.actions.boss_run:__freeze_game:277 - Boss still alive with 1.0 of confidence, freezing game again
2024-04-21 14:36:53.090 | WARNING  | edmacro.actions.boss_run:__freeze_game:277 - Boss still alive with 1.0 of confidence, freezing game again
2024-04-21 14:36:53.090 | WARNING  | edmacro.actions.boss_run:__freeze_game:277 - Boss still alive with 1.0 of confidence, freezing game again
2024-04-21 14:36:54.323 | WARNING  | edmacro.actions.boss_run:__freeze_game:277 - Boss still alive with 1.0 of confidence, freezing game again
2024-04-21 14:36:54.323 | WARNING  | edmacro.actions.boss_run:__freeze_game:277 - Boss still alive with 1.0 of confidence, freezing game again
2024-04-21 14:36:54.323 | WARNING  | edmacro.actions.boss_run:__freeze_game:277 - Boss still alive with 1.0 of confidence, freezing game again
2024-04-21 14:36:55.574 | WARNING  | edmacro.actions.boss_run:__freeze_game:277 - Boss still alive with 1.0 of confidence, freezing game again
2024-04-21 14:36:55.574 | WARNING  | edmacro.actions.boss_run:__freeze_game:277 - Boss still alive with 1.0 of confidence, freezing game again
2024-04-21 14:36:55.574 | WARNING  | edmacro.actions.boss_run:__freeze_game:277 - Boss still alive with 1.0 of confidence, freezing game again
2024-04-21 14:36:57.096 | INFO     | edmacro.actions.boss_run:execute:123 - Boss run 3 finished. Took 30.52109384536743 seconds
2024-04-21 14:36:57.096 | INFO     | edmacro.actions.boss_run:execute:123 - Boss run 3 finished. Took 30.52109384536743 seconds
2024-04-21 14:36:57.096 | INFO     | edmacro.actions.boss_run:execute:123 - Boss run 3 finished. Took 30.52109384536743 seconds
2024-04-21 14:37:16.913 | INFO     | edmacro.actions.boss_run:execute:117 - clicked on start button
2024-04-21 14:37:16.913 | INFO     | edmacro.actions.boss_run:execute:117 - clicked on start button
2024-04-21 14:37:16.913 | INFO     | edmacro.actions.boss_run:execute:117 - clicked on start button
2024-04-21 14:38:01.196 | INFO     | edmacro:__init__:42 - MacroController initialized
2024-04-21 14:38:01.206 | DEBUG    | edmacro:__load_assets:69 - Loaded 25 assets.
2024-04-21 14:38:01.207 | INFO     | edmacro:__init__:45 - Assets loaded
2024-04-21 14:38:01.450 | INFO     | edmacro.actions.boss_run:execute:65 - Running boss 3 times
2024-04-21 14:38:01.691 | INFO     | edmacro.actions.boss_run:__go_to_hypercore_boss:180 - Going to Hypercore boss
2024-04-21 14:38:15.209 | INFO     | edmacro.actions.boss_run:execute:117 - clicked on start button
2024-04-21 14:38:20.211 | INFO     | edmacro.actions.boss_run:__freeze_game:247 - Freezing game for 6.405833333333334
2024-04-21 14:38:27.660 | WARNING  | edmacro.actions.boss_run:__freeze_game:280 - Boss still alive with 1.0 of confidence, freezing game again
2024-04-21 14:38:28.902 | WARNING  | edmacro.actions.boss_run:__freeze_game:280 - Boss still alive with 1.0 of confidence, freezing game again
2024-04-21 14:38:30.150 | WARNING  | edmacro.actions.boss_run:__freeze_game:280 - Boss still alive with 1.0 of confidence, freezing game again
2024-04-21 14:38:31.410 | WARNING  | edmacro.actions.boss_run:__freeze_game:280 - Boss still alive with 1.0 of confidence, freezing game again
2024-04-21 14:38:32.668 | WARNING  | edmacro.actions.boss_run:__freeze_game:280 - Boss still alive with 1.0 of confidence, freezing game again
2024-04-21 14:38:34.115 | INFO     | edmacro.actions.boss_run:execute:123 - Boss run 3 finished. Took 32.663604497909546 seconds
2024-04-21 14:38:46.230 | INFO     | edmacro.actions.boss_run:execute:117 - clicked on start button
2024-04-21 14:38:51.232 | INFO     | edmacro.actions.boss_run:__freeze_game:247 - Freezing game for 6.405833333333334
2024-04-21 14:39:15.377 | INFO     | edmacro:__init__:42 - MacroController initialized
2024-04-21 14:39:15.389 | DEBUG    | edmacro:__load_assets:69 - Loaded 25 assets.
2024-04-21 14:39:15.390 | INFO     | edmacro:__init__:45 - Assets loaded
2024-04-21 14:39:15.696 | INFO     | edmacro.actions.boss_run:execute:65 - Running boss 3 times
2024-04-21 14:39:15.955 | INFO     | edmacro.actions.boss_run:__go_to_hypercore_boss:180 - Going to Hypercore boss
2024-04-21 14:39:29.461 | INFO     | edmacro.actions.boss_run:execute:117 - clicked on start button
2024-04-21 14:39:34.462 | INFO     | edmacro.actions.boss_run:__freeze_game:247 - Freezing game for 6.405833333333334
2024-04-21 14:39:41.918 | WARNING  | edmacro.actions.boss_run:__freeze_game:280 - Boss still alive with 1.0 of confidence, freezing game again
2024-04-21 14:39:43.190 | WARNING  | edmacro.actions.boss_run:__freeze_game:280 - Boss still alive with 1.0 of confidence, freezing game again
2024-04-21 14:39:44.419 | WARNING  | edmacro.actions.boss_run:__freeze_game:280 - Boss still alive with 1.0 of confidence, freezing game again
2024-04-21 14:39:45.662 | WARNING  | edmacro.actions.boss_run:__freeze_game:280 - Boss still alive with 1.0 of confidence, freezing game again
2024-04-21 14:39:46.893 | WARNING  | edmacro.actions.boss_run:__freeze_game:280 - Boss still alive with 1.0 of confidence, freezing game again
2024-04-21 14:39:48.335 | INFO     | edmacro.actions.boss_run:execute:123 - Boss run 3 finished. Took 32.635868549346924 seconds
2024-04-21 14:40:03.068 | INFO     | edmacro.actions.boss_run:execute:117 - clicked on start button
2024-04-21 14:40:08.069 | INFO     | edmacro.actions.boss_run:__freeze_game:247 - Freezing game for 6.405833333333334
2024-04-21 14:40:15.780 | INFO     | edmacro.actions.boss_run:execute:123 - Boss run 3 finished. Took 60.08053398132324 seconds
2024-04-21 14:41:17.454 | INFO     | edmacro:__init__:42 - MacroController initialized
2024-04-21 14:41:17.467 | DEBUG    | edmacro:__load_assets:69 - Loaded 25 assets.
2024-04-21 14:41:17.467 | INFO     | edmacro:__init__:45 - Assets loaded
2024-04-21 14:41:17.742 | INFO     | edmacro.actions.boss_run:execute:65 - Running boss 3 times
2024-04-21 14:41:17.990 | INFO     | edmacro.actions.boss_run:__go_to_hypercore_boss:188 - Going to Hypercore boss
2024-04-21 14:41:31.642 | INFO     | edmacro.actions.boss_run:execute:117 - clicked on start button
2024-04-21 14:41:36.643 | INFO     | edmacro.actions.boss_run:__freeze_game:255 - Freezing game for 6.405833333333334
2024-04-21 14:41:44.160 | WARNING  | edmacro.actions.boss_run:__freeze_game:288 - Boss still alive with 1.0 of confidence, freezing game again
2024-04-21 14:41:45.672 | INFO     | edmacro.actions.boss_run:execute:123 - Boss run 3 finished. Took 27.928846836090088 seconds
2024-04-21 14:42:00.950 | INFO     | edmacro.actions.boss_run:execute:117 - clicked on start button
2024-04-21 14:42:39.819 | INFO     | edmacro:__init__:42 - MacroController initialized
2024-04-21 14:42:39.830 | DEBUG    | edmacro:__load_assets:69 - Loaded 25 assets.
2024-04-21 14:42:39.831 | INFO     | edmacro:__init__:45 - Assets loaded
2024-04-21 14:42:40.100 | INFO     | edmacro.actions.boss_run:execute:65 - Running boss 3 times
2024-04-21 14:42:40.344 | INFO     | edmacro.actions.boss_run:__go_to_hypercore_boss:188 - Going to Hypercore boss
2024-04-21 14:42:54.041 | INFO     | edmacro.actions.boss_run:execute:117 - clicked on start button
2024-04-21 14:42:59.042 | INFO     | edmacro.actions.boss_run:__freeze_game:255 - Freezing game for 6.405833333333334
2024-04-21 14:43:06.629 | WARNING  | edmacro.actions.boss_run:__freeze_game:288 - Boss still alive with 1.0 of confidence, freezing game again
2024-04-21 14:43:07.952 | WARNING  | edmacro.actions.boss_run:__freeze_game:288 - Boss still alive with 1.0 of confidence, freezing game again
2024-04-21 14:43:09.255 | WARNING  | edmacro.actions.boss_run:__freeze_game:288 - Boss still alive with 1.0 of confidence, freezing game again
2024-04-21 14:43:10.639 | WARNING  | edmacro.actions.boss_run:__freeze_game:288 - Boss still alive with 1.0 of confidence, freezing game again
2024-04-21 14:43:12.135 | INFO     | edmacro.actions.boss_run:execute:123 - Boss run 3 finished. Took 32.032102823257446 seconds
2024-04-21 14:43:32.170 | INFO     | edmacro.actions.boss_run:execute:117 - clicked on start button
2024-04-21 14:43:37.172 | INFO     | edmacro.actions.boss_run:__freeze_game:255 - Freezing game for 6.405833333333334
2024-04-21 14:43:44.727 | WARNING  | edmacro.actions.boss_run:__freeze_game:288 - Boss still alive with 1.0 of confidence, freezing game again
2024-04-21 14:43:46.068 | WARNING  | edmacro.actions.boss_run:__freeze_game:288 - Boss still alive with 1.0 of confidence, freezing game again
2024-04-21 14:43:47.408 | WARNING  | edmacro.actions.boss_run:__freeze_game:288 - Boss still alive with 1.0 of confidence, freezing game again
2024-04-21 14:43:48.778 | WARNING  | edmacro.actions.boss_run:__freeze_game:288 - Boss still alive with 1.0 of confidence, freezing game again
2024-04-21 14:43:50.069 | WARNING  | edmacro.actions.boss_run:__freeze_game:288 - Boss still alive with 1.0 of confidence, freezing game again
2024-04-21 14:43:51.392 | WARNING  | edmacro.actions.boss_run:__freeze_game:288 - Boss still alive with 1.0 of confidence, freezing game again
2024-04-21 14:43:52.878 | INFO     | edmacro.actions.boss_run:execute:123 - Boss run 3 finished. Took 72.77641916275024 seconds
2024-04-21 14:44:12.902 | INFO     | edmacro.actions.boss_run:execute:117 - clicked on start button
2024-04-21 14:44:17.904 | INFO     | edmacro.actions.boss_run:__freeze_game:255 - Freezing game for 6.405833333333334
2024-04-21 14:44:25.442 | WARNING  | edmacro.actions.boss_run:__freeze_game:288 - Boss still alive with 1.0 of confidence, freezing game again
2024-04-21 14:44:26.763 | WARNING  | edmacro.actions.boss_run:__freeze_game:288 - Boss still alive with 1.0 of confidence, freezing game again
2024-04-21 14:44:28.293 | INFO     | edmacro.actions.boss_run:execute:123 - Boss run 3 finished. Took 108.19116806983948 seconds
2024-04-21 14:44:44.444 | INFO     | edmacro.actions.boss_run:execute:149 - Boss run finished. Total time: 213.0 s, Average time: 71.0 s
